<?xml version="1.0" encoding="UTF-8"?>
<!-- Generated by org.testng.reporters.JUnitReportReporter -->
<testsuite hostname="LTMX-3KX7NN3" name="hexaware.seleniumcourse.App" tests="8" failures="0" timestamp="24 Oct 2022 20:35:00 GMT" time="139.738" errors="0">
  <testcase name="test6" time="32.222" classname="hexaware.seleniumcourse.App"/>
  <testcase name="test3" time="30.417" classname="hexaware.seleniumcourse.App"/>
  <testcase name="test5" time="9.160" classname="hexaware.seleniumcourse.App"/>
  <testcase name="test7" time="8.818" classname="hexaware.seleniumcourse.App"/>
  <testcase name="test1" time="15.122" classname="hexaware.seleniumcourse.App"/>
  <testcase name="test2" time="11.408" classname="hexaware.seleniumcourse.App"/>
  <testcase name="test4" time="13.140" classname="hexaware.seleniumcourse.App"/>
  <testcase name="test8" time="19.451" classname="hexaware.seleniumcourse.App"/>
</testsuite> <!-- hexaware.seleniumcourse.App -->
