<?xml version="1.0" encoding="UTF-8"?>
<!-- Generated by org.testng.reporters.JUnitReportReporter -->
<testsuite hostname="Juan-C02CP4RKMD6R" failures="0" tests="1" name="hexaware.seleniumcourse.App" time="15.608" errors="0" timestamp="2023-08-28T13:39:58 CST" skipped="0">
  <testcase classname="hexaware.seleniumcourse.App" name="test1" time="15.608"/>
</testsuite> <!-- hexaware.seleniumcourse.App -->
