<?xml version="1.0" encoding="UTF-8"?>
<!-- Generated by org.testng.reporters.JUnitReportReporter -->
<testsuite hostname="LTMX-3KX7NN3" name="hexaware.seleniumcourse.App" tests="1" failures="0" timestamp="16 Oct 2022 23:34:34 GMT" time="12.644" errors="0">
  <testcase name="test7" time="12.644" classname="hexaware.seleniumcourse.App"/>
</testsuite> <!-- hexaware.seleniumcourse.App -->
