<?xml version="1.0" encoding="UTF-8"?>
<!-- Generated by org.testng.reporters.JUnitReportReporter -->
<testsuite hostname="LTMX-3KX7NN3" name="hexaware.seleniumcourse.App" tests="3" failures="0" timestamp="14 Oct 2022 20:11:50 GMT" time="38.710" errors="0">
  <testcase name="test3" time="11.631" classname="hexaware.seleniumcourse.App"/>
  <testcase name="test1" time="18.904" classname="hexaware.seleniumcourse.App"/>
  <testcase name="test2" time="8.175" classname="hexaware.seleniumcourse.App"/>
</testsuite> <!-- hexaware.seleniumcourse.App -->
