<?xml version="1.0" encoding="UTF-8"?>
<!-- Generated by org.testng.reporters.JUnitReportReporter -->
<testsuite hostname="LTMX-3KX7NN3" name="hexaware.seleniumcourse.App" tests="1" failures="0" timestamp="19 Oct 2022 22:18:51 GMT" time="29.649" errors="0">
  <testcase name="test8" time="29.649" classname="hexaware.seleniumcourse.App"/>
</testsuite> <!-- hexaware.seleniumcourse.App -->
