<?xml version="1.0" encoding="UTF-8"?>
<!-- Generated by org.testng.reporters.JUnitReportReporter -->
<testsuite hostname="LTMX-3KX7NN3" name="hexaware.seleniumcourse.App" tests="2" failures="0" timestamp="13 Oct 2022 14:57:16 GMT" time="68.232" errors="0">
  <testcase name="test1" time="41.127" classname="hexaware.seleniumcourse.App"/>
  <testcase name="test2" time="27.105" classname="hexaware.seleniumcourse.App"/>
</testsuite> <!-- hexaware.seleniumcourse.App -->
