<?xml version="1.0" encoding="UTF-8"?>
<!-- Generated by org.testng.reporters.JUnitReportReporter -->
<testsuite hostname="Juan-C02CP4RKMD6R" failures="0" tests="1" name="seleniumcourse.App" time="13.452" errors="0" timestamp="2023-08-28T15:23:06 CST" skipped="0">
  <testcase classname="seleniumcourse.App" name="test1" time="13.452"/>
</testsuite> <!-- seleniumcourse.App -->
