<?xml version="1.0" encoding="UTF-8"?>
<!-- Generated by org.testng.reporters.JUnitReportReporter -->
<testsuite hostname="Juan-C02CP4RKMD6R" failures="0" tests="1" name="seleniumcourse.App" time="14.454" errors="0" timestamp="2023-08-28T15:15:44 CST" skipped="0">
  <testcase classname="seleniumcourse.App" name="test1" time="14.454"/>
</testsuite> <!-- seleniumcourse.App -->
